TN:
SF:index.js
FN:17,(anonymous_0)
FNF:1
FNH:1
FNDA:3,(anonymous_0)
DA:1,3
DA:2,3
DA:4,3
DA:7,3
DA:8,3
DA:9,3
DA:10,3
DA:16,3
DA:17,3
DA:18,3
DA:21,3
LF:11
LH:11
BRDA:16,0,0,3
BRDA:16,0,1,3
BRF:2
BRH:2
end_of_record
TN:
SF:consts\user.js
FNF:0
FNH:0
DA:1,5
DA:2,5
DA:3,5
DA:4,5
DA:5,5
DA:6,5
DA:8,5
LF:7
LH:7
BRF:0
BRH:0
end_of_record
TN:
SF:middleware\admin.js
FN:4,admin
FNF:1
FNH:0
FNDA:0,admin
DA:1,3
DA:2,3
DA:5,0
DA:6,0
DA:8,0
DA:11,3
LF:6
LH:3
BRDA:5,0,0,0
BRDA:5,0,1,0
BRF:2
BRH:0
end_of_record
TN:
SF:middleware\asyncMiddleware.js
FN:1,asyncMiddleware
FN:2,(anonymous_1)
FNF:2
FNH:2
FNDA:3,asyncMiddleware
FNDA:2,(anonymous_1)
DA:1,3
DA:2,3
DA:3,2
DA:4,2
DA:6,0
LF:5
LH:4
BRF:0
BRH:0
end_of_record
TN:
SF:middleware\auth.js
FN:4,auth
FNF:1
FNH:1
FNDA:9,auth
DA:1,4
DA:2,4
DA:5,9
DA:6,9
DA:7,2
DA:9,7
DA:10,7
DA:11,6
DA:12,6
DA:14,1
DA:18,4
LF:11
LH:11
BRDA:6,0,0,2
BRDA:6,0,1,7
BRF:2
BRH:2
end_of_record
TN:
SF:middleware\error.js
FN:3,(anonymous_0)
FNF:1
FNH:0
FNDA:0,(anonymous_0)
DA:1,3
DA:3,3
DA:4,0
DA:5,0
LF:4
LH:2
BRF:0
BRH:0
end_of_record
TN:
SF:middleware\validateObjectId.js
FN:3,(anonymous_0)
FNF:1
FNH:1
FNDA:3,(anonymous_0)
DA:1,3
DA:3,3
DA:4,3
DA:5,1
DA:8,2
LF:5
LH:5
BRDA:4,0,0,1
BRDA:4,0,1,2
BRF:2
BRH:2
end_of_record
TN:
SF:models\user.js
FN:30,(anonymous_0)
FN:42,validateUser
FNF:2
FNH:1
FNDA:9,(anonymous_0)
FNDA:0,validateUser
DA:1,5
DA:2,5
DA:3,5
DA:4,5
DA:5,5
DA:7,5
DA:30,5
DA:31,9
DA:40,5
DA:43,0
DA:59,0
DA:62,5
DA:63,5
LF:13
LH:11
BRF:0
BRH:0
end_of_record
TN:
SF:routes\auth.js
FN:13,(anonymous_0)
FN:38,validate
FNF:2
FNH:0
FNDA:0,(anonymous_0)
FNDA:0,validate
DA:1,3
DA:2,3
DA:3,3
DA:4,3
DA:5,3
DA:6,3
DA:7,3
DA:8,3
DA:9,3
DA:10,3
DA:11,3
DA:13,3
DA:14,0
DA:15,0
DA:16,0
DA:19,0
DA:20,0
DA:21,0
DA:25,0
DA:29,0
DA:30,0
DA:34,0
DA:35,0
DA:39,0
DA:51,0
DA:54,3
LF:26
LH:13
BRDA:15,0,0,0
BRDA:15,0,1,0
BRDA:20,1,0,0
BRDA:20,1,1,0
BRDA:29,2,0,0
BRDA:29,2,1,0
BRF:6
BRH:0
end_of_record
TN:
SF:routes\courses.js
FN:34,(anonymous_0)
FN:37,(anonymous_1)
FN:41,(anonymous_2)
FN:42,(anonymous_3)
FN:53,(anonymous_4)
FN:54,(anonymous_5)
FN:68,(anonymous_6)
FN:83,(anonymous_7)
FN:84,(anonymous_8)
FN:92,validateCourse
FNF:10
FNH:4
FNDA:2,(anonymous_0)
FNDA:10,(anonymous_1)
FNDA:0,(anonymous_2)
FNDA:0,(anonymous_3)
FNDA:0,(anonymous_4)
FNDA:0,(anonymous_5)
FNDA:3,(anonymous_6)
FNDA:0,(anonymous_7)
FNDA:0,(anonymous_8)
FNDA:3,validateCourse
DA:1,3
DA:2,3
DA:3,3
DA:4,3
DA:5,3
DA:6,3
DA:8,3
DA:31,3
DA:36,2
DA:37,10
DA:41,3
DA:42,0
DA:43,0
DA:44,0
DA:47,0
DA:48,0
DA:50,0
DA:53,3
DA:54,0
DA:55,0
DA:56,0
DA:59,0
DA:60,0
DA:61,0
DA:64,0
DA:65,0
DA:68,3
DA:69,3
DA:70,3
DA:71,2
DA:74,1
DA:78,1
DA:80,1
DA:83,3
DA:84,0
DA:85,0
DA:86,0
DA:89,0
DA:93,3
DA:97,3
DA:100,3
LF:41
LH:23
BRDA:37,0,0,10
BRDA:37,0,1,10
BRDA:43,1,0,0
BRDA:43,1,1,0
BRDA:55,2,0,0
BRDA:55,2,1,0
BRDA:60,3,0,0
BRDA:60,3,1,0
BRDA:70,4,0,2
BRDA:70,4,1,1
BRDA:85,5,0,0
BRDA:85,5,1,0
BRF:12
BRH:4
end_of_record
TN:
SF:routes\users.js
FN:13,(anonymous_0)
FN:23,(anonymous_1)
FN:32,(anonymous_2)
FN:40,(anonymous_3)
FNF:4
FNH:2
FNDA:0,(anonymous_0)
FNDA:1,(anonymous_1)
FNDA:2,(anonymous_2)
FNDA:0,(anonymous_3)
DA:1,3
DA:2,3
DA:3,3
DA:4,3
DA:5,3
DA:6,3
DA:7,3
DA:8,3
DA:9,3
DA:10,3
DA:11,3
DA:13,3
DA:14,0
DA:15,0
DA:16,0
DA:17,0
DA:19,0
DA:23,3
DA:24,1
DA:25,1
DA:26,0
DA:28,1
DA:32,3
DA:33,2
DA:34,2
DA:35,1
DA:37,2
DA:40,3
DA:41,0
DA:42,0
DA:43,0
DA:46,0
DA:47,0
DA:48,0
DA:51,0
DA:52,0
DA:54,0
DA:60,0
DA:62,0
DA:64,0
DA:69,3
LF:41
LH:23
BRDA:16,0,0,0
BRDA:16,0,1,0
BRDA:25,1,0,0
BRDA:25,1,1,1
BRDA:34,2,0,1
BRDA:34,2,1,1
BRDA:42,3,0,0
BRDA:42,3,1,0
BRDA:47,4,0,0
BRDA:47,4,1,0
BRF:10
BRH:3
end_of_record
TN:
SF:startup\config.js
FN:3,(anonymous_0)
FNF:1
FNH:1
FNDA:3,(anonymous_0)
DA:1,3
DA:3,3
DA:4,3
DA:5,0
LF:4
LH:3
BRDA:4,0,0,0
BRDA:4,0,1,3
BRF:2
BRH:1
end_of_record
TN:
SF:startup\db.js
FN:4,(anonymous_0)
FN:8,(anonymous_1)
FNF:2
FNH:2
FNDA:3,(anonymous_0)
FNDA:3,(anonymous_1)
DA:1,3
DA:2,3
DA:4,3
DA:5,3
DA:6,3
DA:8,3
LF:6
LH:6
BRF:0
BRH:0
end_of_record
TN:
SF:startup\logging.js
FN:3,(anonymous_0)
FN:5,(anonymous_1)
FN:12,(anonymous_2)
FNF:3
FNH:1
FNDA:3,(anonymous_0)
FNDA:0,(anonymous_1)
FNDA:0,(anonymous_2)
DA:1,3
DA:3,3
DA:5,3
DA:6,0
DA:7,0
DA:8,0
DA:12,3
DA:13,0
DA:14,0
DA:15,0
DA:18,3
LF:11
LH:5
BRF:0
BRH:0
end_of_record
TN:
SF:startup\routes.js
FN:8,(anonymous_0)
FNF:1
FNH:1
FNDA:3,(anonymous_0)
DA:1,3
DA:3,3
DA:4,3
DA:5,3
DA:7,3
DA:8,3
DA:9,3
DA:10,3
DA:11,3
DA:12,3
DA:13,3
LF:11
LH:11
BRF:0
BRH:0
end_of_record
